2025-07-03 18:12:42,861 - PDFDuplicateFinder - INFO - ================================================================================
2025-07-03 18:12:42,862 - PDFDuplicateFinder - INFO - PDF Duplicate Finder started
2025-07-03 18:12:42,862 - PDFDuplicateFinder - INFO - Log file: logs\pdf_finder.log
2025-07-03 18:12:42,862 - PDFDuplicateFinder - INFO - ================================================================================
2025-07-03 18:12:42,862 - PDFDuplicateFinder - INFO - ================================================================================
2025-07-03 18:12:42,862 - PDFDuplicateFinder - INFO - PDF Duplicate Finder started
2025-07-03 18:12:42,862 - PDFDuplicateFinder - INFO - PDF Duplicate Finder started
2025-07-03 18:12:42,863 - PDFDuplicateFinder - INFO - Log file: x:\GitHub\PDF_finder\logs\pdf_finder.log
2025-07-03 18:12:42,863 - PDFDuplicateFinder - INFO - Log file: x:\GitHub\PDF_finder\logs\pdf_finder.log
2025-07-03 18:12:42,904 - PDFDuplicateFinder - INFO - Settings loaded successfully
2025-07-03 18:12:42,904 - PDFDuplicateFinder - INFO - Settings loaded successfully
2025-07-03 18:12:42,961 - PDFDuplicateFinder - INFO - Application started successfully
2025-07-03 18:12:42,961 - PDFDuplicateFinder - INFO - Application started successfully
2025-07-03 18:14:52,193 - PDFDuplicateFinder - INFO - ================================================================================
2025-07-03 18:14:52,193 - PDFDuplicateFinder - INFO - PDF Duplicate Finder started
2025-07-03 18:14:52,193 - PDFDuplicateFinder - INFO - Log file: logs\pdf_finder.log
2025-07-03 18:14:52,193 - PDFDuplicateFinder - INFO - ================================================================================
2025-07-03 18:14:52,193 - PDFDuplicateFinder - INFO - ================================================================================
2025-07-03 18:14:52,194 - PDFDuplicateFinder - INFO - PDF Duplicate Finder started
2025-07-03 18:14:52,194 - PDFDuplicateFinder - INFO - PDF Duplicate Finder started
2025-07-03 18:14:52,194 - PDFDuplicateFinder - INFO - Log file: x:\GitHub\PDF_finder\logs\pdf_finder.log
2025-07-03 18:14:52,194 - PDFDuplicateFinder - INFO - Log file: x:\GitHub\PDF_finder\logs\pdf_finder.log
2025-07-03 18:14:52,236 - PDFDuplicateFinder - INFO - Settings loaded successfully
2025-07-03 18:14:52,236 - PDFDuplicateFinder - INFO - Settings loaded successfully
2025-07-03 18:14:52,296 - PDFDuplicateFinder - INFO - Application started successfully
2025-07-03 18:14:52,296 - PDFDuplicateFinder - INFO - Application started successfully
2025-07-03 18:15:01,449 - PDFDuplicateFinder - INFO - Settings saved successfully
2025-07-03 18:15:01,449 - PDFDuplicateFinder - INFO - Settings saved successfully
2025-07-03 18:15:11,257 - PDFDuplicateFinder - INFO - Settings saved successfully
2025-07-03 18:15:11,257 - PDFDuplicateFinder - INFO - Settings saved successfully
2025-07-03 18:15:25,029 - PDFDuplicateFinder - DEBUG - Qt object deleted during retranslate_ui
2025-07-03 18:15:25,029 - PDFDuplicateFinder - DEBUG - Qt object deleted during retranslate_ui
2025-07-03 18:15:25,030 - PDFDuplicateFinder - DEBUG - Qt object deleted during retranslate_ui
2025-07-03 18:15:25,030 - PDFDuplicateFinder - DEBUG - Qt object deleted during retranslate_ui
2025-07-03 18:15:25,030 - PDFDuplicateFinder - DEBUG - Qt object deleted during retranslate_ui
2025-07-03 18:15:25,030 - PDFDuplicateFinder - DEBUG - Qt object deleted during retranslate_ui
2025-07-03 18:15:37,336 - PDFDuplicateFinder - INFO - Application is shutting down
2025-07-03 18:15:37,336 - PDFDuplicateFinder - INFO - Application is shutting down
2025-07-03 18:15:37,339 - PDFDuplicateFinder - INFO - Settings saved successfully
2025-07-03 18:15:37,339 - PDFDuplicateFinder - INFO - Settings saved successfully
2025-07-03 18:15:37,339 - PDFDuplicateFinder - INFO - Application shutdown completed
2025-07-03 18:15:37,339 - PDFDuplicateFinder - INFO - Application shutdown completed
2025-07-03 18:21:41,618 - PDFDuplicateFinder - INFO - ================================================================================
2025-07-03 18:21:41,618 - PDFDuplicateFinder - INFO - PDF Duplicate Finder started
2025-07-03 18:21:41,618 - PDFDuplicateFinder - INFO - Log file: logs\pdf_finder.log
2025-07-03 18:21:41,619 - PDFDuplicateFinder - INFO - ================================================================================
2025-07-03 18:21:41,619 - PDFDuplicateFinder - INFO - ================================================================================
2025-07-03 18:21:41,619 - PDFDuplicateFinder - INFO - PDF Duplicate Finder started
2025-07-03 18:21:41,619 - PDFDuplicateFinder - INFO - PDF Duplicate Finder started
2025-07-03 18:21:41,619 - PDFDuplicateFinder - INFO - Log file: x:\GitHub\PDF_finder\logs\pdf_finder.log
2025-07-03 18:21:41,619 - PDFDuplicateFinder - INFO - Log file: x:\GitHub\PDF_finder\logs\pdf_finder.log
2025-07-03 18:21:41,649 - PDFDuplicateFinder - DEBUG - Qt object deleted during retranslate_ui
2025-07-03 18:21:41,649 - PDFDuplicateFinder - DEBUG - Qt object deleted during retranslate_ui
2025-07-03 18:21:41,650 - PDFDuplicateFinder - DEBUG - Qt object deleted during retranslate_ui
2025-07-03 18:21:41,650 - PDFDuplicateFinder - DEBUG - Qt object deleted during retranslate_ui
2025-07-03 18:21:41,662 - PDFDuplicateFinder - INFO - Settings loaded successfully
2025-07-03 18:21:41,662 - PDFDuplicateFinder - INFO - Settings loaded successfully
2025-07-03 18:21:41,725 - PDFDuplicateFinder - INFO - Application started successfully
2025-07-03 18:21:41,725 - PDFDuplicateFinder - INFO - Application started successfully
2025-07-03 18:21:48,457 - PDFDuplicateFinder - DEBUG - Qt object deleted during retranslate_ui
2025-07-03 18:21:48,457 - PDFDuplicateFinder - DEBUG - Qt object deleted during retranslate_ui
2025-07-03 18:21:48,457 - PDFDuplicateFinder - DEBUG - Qt object deleted during retranslate_ui
2025-07-03 18:21:48,457 - PDFDuplicateFinder - DEBUG - Qt object deleted during retranslate_ui
2025-07-03 18:21:48,459 - PDFDuplicateFinder - INFO - Settings saved successfully
2025-07-03 18:21:48,459 - PDFDuplicateFinder - INFO - Settings saved successfully
2025-07-03 18:21:48,460 - PDFDuplicateFinder - DEBUG - Qt object deleted during retranslate_ui
2025-07-03 18:21:48,460 - PDFDuplicateFinder - DEBUG - Qt object deleted during retranslate_ui
2025-07-03 18:21:53,041 - PDFDuplicateFinder - CRITICAL - Uncaught exception
Traceback (most recent call last):
  File "x:\GitHub\PDF_finder\main.py", line 547, in <lambda>
    action.triggered.connect(lambda checked, code=lang_code: self.change_language(code))
                                                             ^^^^^^^^^^^^^^^^^^^^^^^^^^
  File "x:\GitHub\PDF_finder\main.py", line 383, in change_language
    self.cancel_button.setText(self.tr("Cancel"))
    ^^^^^^^^^^^^^^^^^^
AttributeError: 'PDFDuplicateFinder' object has no attribute 'cancel_button'. Did you mean: 'scan_button'?
2025-07-03 18:21:53,041 - PDFDuplicateFinder - CRITICAL - Uncaught exception
Traceback (most recent call last):
  File "x:\GitHub\PDF_finder\main.py", line 547, in <lambda>
    action.triggered.connect(lambda checked, code=lang_code: self.change_language(code))
                                                             ^^^^^^^^^^^^^^^^^^^^^^^^^^
  File "x:\GitHub\PDF_finder\main.py", line 383, in change_language
    self.cancel_button.setText(self.tr("Cancel"))
    ^^^^^^^^^^^^^^^^^^
AttributeError: 'PDFDuplicateFinder' object has no attribute 'cancel_button'. Did you mean: 'scan_button'?
2025-07-03 18:21:58,948 - PDFDuplicateFinder - INFO - Application is shutting down
2025-07-03 18:21:58,948 - PDFDuplicateFinder - INFO - Application is shutting down
2025-07-03 18:21:58,950 - PDFDuplicateFinder - INFO - Settings saved successfully
2025-07-03 18:21:58,950 - PDFDuplicateFinder - INFO - Settings saved successfully
2025-07-03 18:21:58,951 - PDFDuplicateFinder - INFO - Application shutdown completed
2025-07-03 18:21:58,951 - PDFDuplicateFinder - INFO - Application shutdown completed
2025-07-03 18:28:09,189 - PDFDuplicateFinder - INFO - ================================================================================
2025-07-03 18:28:09,189 - PDFDuplicateFinder - INFO - PDF Duplicate Finder started
2025-07-03 18:28:09,189 - PDFDuplicateFinder - INFO - Log file: logs\pdf_finder.log
2025-07-03 18:28:09,190 - PDFDuplicateFinder - INFO - ================================================================================
2025-07-03 18:28:09,190 - PDFDuplicateFinder - INFO - ================================================================================
2025-07-03 18:28:09,190 - PDFDuplicateFinder - INFO - PDF Duplicate Finder started
2025-07-03 18:28:09,190 - PDFDuplicateFinder - INFO - PDF Duplicate Finder started
2025-07-03 18:28:09,190 - PDFDuplicateFinder - INFO - Log file: x:\GitHub\PDF_finder\logs\pdf_finder.log
2025-07-03 18:28:09,190 - PDFDuplicateFinder - INFO - Log file: x:\GitHub\PDF_finder\logs\pdf_finder.log
2025-07-03 18:28:09,221 - PDFDuplicateFinder - DEBUG - Qt object deleted during retranslate_ui
2025-07-03 18:28:09,221 - PDFDuplicateFinder - DEBUG - Qt object deleted during retranslate_ui
2025-07-03 18:28:09,222 - PDFDuplicateFinder - DEBUG - Qt object deleted during retranslate_ui
2025-07-03 18:28:09,222 - PDFDuplicateFinder - DEBUG - Qt object deleted during retranslate_ui
2025-07-03 18:28:09,233 - PDFDuplicateFinder - INFO - Settings loaded successfully
2025-07-03 18:28:09,233 - PDFDuplicateFinder - INFO - Settings loaded successfully
2025-07-03 18:28:09,294 - PDFDuplicateFinder - INFO - Application started successfully
2025-07-03 18:28:09,294 - PDFDuplicateFinder - INFO - Application started successfully
2025-07-03 18:28:25,337 - PDFDuplicateFinder - DEBUG - Qt object deleted during retranslate_ui
2025-07-03 18:28:25,337 - PDFDuplicateFinder - DEBUG - Qt object deleted during retranslate_ui
2025-07-03 18:28:25,337 - PDFDuplicateFinder - DEBUG - Qt object deleted during retranslate_ui
2025-07-03 18:28:25,337 - PDFDuplicateFinder - DEBUG - Qt object deleted during retranslate_ui
2025-07-03 18:28:25,338 - PDFDuplicateFinder - INFO - Settings saved successfully
2025-07-03 18:28:25,338 - PDFDuplicateFinder - INFO - Settings saved successfully
2025-07-03 18:28:25,338 - PDFDuplicateFinder - DEBUG - Qt object deleted during retranslate_ui
2025-07-03 18:28:25,338 - PDFDuplicateFinder - DEBUG - Qt object deleted during retranslate_ui
2025-07-03 18:28:51,221 - PDFDuplicateFinder - INFO - Application is shutting down
2025-07-03 18:28:51,221 - PDFDuplicateFinder - INFO - Application is shutting down
2025-07-03 18:28:51,224 - PDFDuplicateFinder - INFO - Settings saved successfully
2025-07-03 18:28:51,224 - PDFDuplicateFinder - INFO - Settings saved successfully
2025-07-03 18:28:51,224 - PDFDuplicateFinder - INFO - Application shutdown completed
2025-07-03 18:28:51,224 - PDFDuplicateFinder - INFO - Application shutdown completed
2025-07-03 18:28:54,322 - PDFDuplicateFinder - INFO - ================================================================================
2025-07-03 18:28:54,322 - PDFDuplicateFinder - INFO - PDF Duplicate Finder started
2025-07-03 18:28:54,322 - PDFDuplicateFinder - INFO - Log file: logs\pdf_finder.log
2025-07-03 18:28:54,323 - PDFDuplicateFinder - INFO - ================================================================================
2025-07-03 18:28:54,323 - PDFDuplicateFinder - INFO - ================================================================================
2025-07-03 18:28:54,323 - PDFDuplicateFinder - INFO - PDF Duplicate Finder started
2025-07-03 18:28:54,323 - PDFDuplicateFinder - INFO - PDF Duplicate Finder started
2025-07-03 18:28:54,323 - PDFDuplicateFinder - INFO - Log file: x:\GitHub\PDF_finder\logs\pdf_finder.log
2025-07-03 18:28:54,323 - PDFDuplicateFinder - INFO - Log file: x:\GitHub\PDF_finder\logs\pdf_finder.log
2025-07-03 18:28:54,352 - PDFDuplicateFinder - DEBUG - Qt object deleted during retranslate_ui
2025-07-03 18:28:54,352 - PDFDuplicateFinder - DEBUG - Qt object deleted during retranslate_ui
2025-07-03 18:28:54,353 - PDFDuplicateFinder - DEBUG - Qt object deleted during retranslate_ui
2025-07-03 18:28:54,353 - PDFDuplicateFinder - DEBUG - Qt object deleted during retranslate_ui
2025-07-03 18:28:54,365 - PDFDuplicateFinder - INFO - Settings loaded successfully
2025-07-03 18:28:54,365 - PDFDuplicateFinder - INFO - Settings loaded successfully
2025-07-03 18:28:54,424 - PDFDuplicateFinder - INFO - Application started successfully
2025-07-03 18:28:54,424 - PDFDuplicateFinder - INFO - Application started successfully
2025-07-03 18:29:09,906 - PDFDuplicateFinder - INFO - Settings saved successfully
2025-07-03 18:29:09,906 - PDFDuplicateFinder - INFO - Settings saved successfully
2025-07-03 18:29:17,121 - PDFDuplicateFinder - DEBUG - Qt object deleted during retranslate_ui
2025-07-03 18:29:17,121 - PDFDuplicateFinder - DEBUG - Qt object deleted during retranslate_ui
2025-07-03 18:29:17,121 - PDFDuplicateFinder - DEBUG - Qt object deleted during retranslate_ui
2025-07-03 18:29:17,121 - PDFDuplicateFinder - DEBUG - Qt object deleted during retranslate_ui
2025-07-03 18:29:17,122 - PDFDuplicateFinder - INFO - Settings saved successfully
2025-07-03 18:29:17,122 - PDFDuplicateFinder - INFO - Settings saved successfully
2025-07-03 18:29:17,122 - PDFDuplicateFinder - DEBUG - Qt object deleted during retranslate_ui
2025-07-03 18:29:17,122 - PDFDuplicateFinder - DEBUG - Qt object deleted during retranslate_ui
2025-07-03 18:31:15,764 - PDFDuplicateFinder - INFO - Application is shutting down
2025-07-03 18:31:15,764 - PDFDuplicateFinder - INFO - Application is shutting down
2025-07-03 18:31:15,767 - PDFDuplicateFinder - INFO - Settings saved successfully
2025-07-03 18:31:15,767 - PDFDuplicateFinder - INFO - Settings saved successfully
2025-07-03 18:31:15,767 - PDFDuplicateFinder - INFO - Application shutdown completed
2025-07-03 18:31:15,767 - PDFDuplicateFinder - INFO - Application shutdown completed
2025-07-03 18:35:15,911 - PDFDuplicateFinder - INFO - ================================================================================
2025-07-03 18:35:15,911 - PDFDuplicateFinder - INFO - PDF Duplicate Finder started
2025-07-03 18:35:15,911 - PDFDuplicateFinder - INFO - Log file: logs\pdf_finder.log
2025-07-03 18:35:15,912 - PDFDuplicateFinder - INFO - ================================================================================
2025-07-03 18:35:15,912 - PDFDuplicateFinder - INFO - ================================================================================
2025-07-03 18:35:15,912 - PDFDuplicateFinder - INFO - PDF Duplicate Finder started
2025-07-03 18:35:15,912 - PDFDuplicateFinder - INFO - PDF Duplicate Finder started
2025-07-03 18:35:15,912 - PDFDuplicateFinder - INFO - Log file: x:\GitHub\PDF_finder\logs\pdf_finder.log
2025-07-03 18:35:15,912 - PDFDuplicateFinder - INFO - Log file: x:\GitHub\PDF_finder\logs\pdf_finder.log
2025-07-03 18:35:15,942 - PDFDuplicateFinder - DEBUG - Qt object deleted during retranslate_ui
2025-07-03 18:35:15,942 - PDFDuplicateFinder - DEBUG - Qt object deleted during retranslate_ui
2025-07-03 18:35:15,942 - PDFDuplicateFinder - DEBUG - Qt object deleted during retranslate_ui
2025-07-03 18:35:15,942 - PDFDuplicateFinder - DEBUG - Qt object deleted during retranslate_ui
2025-07-03 18:35:15,954 - PDFDuplicateFinder - INFO - Settings loaded successfully
2025-07-03 18:35:15,954 - PDFDuplicateFinder - INFO - Settings loaded successfully
2025-07-03 18:35:16,018 - PDFDuplicateFinder - INFO - Application started successfully
2025-07-03 18:35:16,018 - PDFDuplicateFinder - INFO - Application started successfully
2025-07-03 18:35:19,715 - PDFDuplicateFinder - CRITICAL - Uncaught exception
Traceback (most recent call last):
  File "x:\GitHub\PDF_finder\main.py", line 1251, in on_sponsor
    sponsor_dialog = SponsorDialog(self)
                     ^^^^^^^^^^^^^^^^^^^
  File "x:\GitHub\PDF_finder\app_qt\sponsor.py", line 129, in __init__
    donate_btn.clicked.connect(self.open_paypal_link)
                               ^^^^^^^^^^^^^^^^^^^^^
AttributeError: 'SponsorDialog' object has no attribute 'open_paypal_link'. Did you mean: 'open_paypallink'?
2025-07-03 18:35:19,715 - PDFDuplicateFinder - CRITICAL - Uncaught exception
Traceback (most recent call last):
  File "x:\GitHub\PDF_finder\main.py", line 1251, in on_sponsor
    sponsor_dialog = SponsorDialog(self)
                     ^^^^^^^^^^^^^^^^^^^
  File "x:\GitHub\PDF_finder\app_qt\sponsor.py", line 129, in __init__
    donate_btn.clicked.connect(self.open_paypal_link)
                               ^^^^^^^^^^^^^^^^^^^^^
AttributeError: 'SponsorDialog' object has no attribute 'open_paypal_link'. Did you mean: 'open_paypallink'?
2025-07-03 18:35:28,956 - PDFDuplicateFinder - CRITICAL - Uncaught exception
Traceback (most recent call last):
  File "x:\GitHub\PDF_finder\main.py", line 1251, in on_sponsor
    sponsor_dialog = SponsorDialog(self)
                     ^^^^^^^^^^^^^^^^^^^
  File "x:\GitHub\PDF_finder\app_qt\sponsor.py", line 129, in __init__
    donate_btn.clicked.connect(self.open_paypal_link)
                               ^^^^^^^^^^^^^^^^^^^^^
AttributeError: 'SponsorDialog' object has no attribute 'open_paypal_link'. Did you mean: 'open_paypallink'?
2025-07-03 18:35:28,956 - PDFDuplicateFinder - CRITICAL - Uncaught exception
Traceback (most recent call last):
  File "x:\GitHub\PDF_finder\main.py", line 1251, in on_sponsor
    sponsor_dialog = SponsorDialog(self)
                     ^^^^^^^^^^^^^^^^^^^
  File "x:\GitHub\PDF_finder\app_qt\sponsor.py", line 129, in __init__
    donate_btn.clicked.connect(self.open_paypal_link)
                               ^^^^^^^^^^^^^^^^^^^^^
AttributeError: 'SponsorDialog' object has no attribute 'open_paypal_link'. Did you mean: 'open_paypallink'?
2025-07-03 18:36:39,474 - PDFDuplicateFinder - INFO - ================================================================================
2025-07-03 18:36:39,474 - PDFDuplicateFinder - INFO - PDF Duplicate Finder started
2025-07-03 18:36:39,474 - PDFDuplicateFinder - INFO - Log file: logs\pdf_finder.log
2025-07-03 18:36:39,475 - PDFDuplicateFinder - INFO - ================================================================================
2025-07-03 18:36:39,475 - PDFDuplicateFinder - INFO - ================================================================================
2025-07-03 18:36:39,475 - PDFDuplicateFinder - INFO - PDF Duplicate Finder started
2025-07-03 18:36:39,475 - PDFDuplicateFinder - INFO - PDF Duplicate Finder started
2025-07-03 18:36:39,475 - PDFDuplicateFinder - INFO - Log file: x:\GitHub\PDF_finder\logs\pdf_finder.log
2025-07-03 18:36:39,475 - PDFDuplicateFinder - INFO - Log file: x:\GitHub\PDF_finder\logs\pdf_finder.log
2025-07-03 18:36:39,504 - PDFDuplicateFinder - DEBUG - Qt object deleted during retranslate_ui
2025-07-03 18:36:39,504 - PDFDuplicateFinder - DEBUG - Qt object deleted during retranslate_ui
2025-07-03 18:36:39,504 - PDFDuplicateFinder - DEBUG - Qt object deleted during retranslate_ui
2025-07-03 18:36:39,504 - PDFDuplicateFinder - DEBUG - Qt object deleted during retranslate_ui
2025-07-03 18:36:39,517 - PDFDuplicateFinder - INFO - Settings loaded successfully
2025-07-03 18:36:39,517 - PDFDuplicateFinder - INFO - Settings loaded successfully
2025-07-03 18:36:39,576 - PDFDuplicateFinder - INFO - Application started successfully
2025-07-03 18:36:39,576 - PDFDuplicateFinder - INFO - Application started successfully
2025-07-03 18:37:32,637 - PDFDuplicateFinder - INFO - Application is shutting down
2025-07-03 18:37:32,637 - PDFDuplicateFinder - INFO - Application is shutting down
2025-07-03 18:37:32,639 - PDFDuplicateFinder - INFO - Settings saved successfully
2025-07-03 18:37:32,639 - PDFDuplicateFinder - INFO - Settings saved successfully
2025-07-03 18:37:32,640 - PDFDuplicateFinder - INFO - Application shutdown completed
2025-07-03 18:37:32,640 - PDFDuplicateFinder - INFO - Application shutdown completed
2025-07-03 18:39:36,187 - PDFDuplicateFinder - INFO - ================================================================================
2025-07-03 18:39:36,187 - PDFDuplicateFinder - INFO - PDF Duplicate Finder started
2025-07-03 18:39:36,187 - PDFDuplicateFinder - INFO - Log file: logs\pdf_finder.log
2025-07-03 18:39:36,187 - PDFDuplicateFinder - INFO - ================================================================================
2025-07-03 18:39:36,187 - PDFDuplicateFinder - INFO - ================================================================================
2025-07-03 18:39:36,188 - PDFDuplicateFinder - INFO - PDF Duplicate Finder started
2025-07-03 18:39:36,188 - PDFDuplicateFinder - INFO - PDF Duplicate Finder started
2025-07-03 18:39:36,188 - PDFDuplicateFinder - INFO - Log file: x:\GitHub\PDF_finder\logs\pdf_finder.log
2025-07-03 18:39:36,188 - PDFDuplicateFinder - INFO - Log file: x:\GitHub\PDF_finder\logs\pdf_finder.log
2025-07-03 18:39:36,220 - PDFDuplicateFinder - DEBUG - Qt object deleted during retranslate_ui
2025-07-03 18:39:36,220 - PDFDuplicateFinder - DEBUG - Qt object deleted during retranslate_ui
2025-07-03 18:39:36,221 - PDFDuplicateFinder - DEBUG - Qt object deleted during retranslate_ui
2025-07-03 18:39:36,221 - PDFDuplicateFinder - DEBUG - Qt object deleted during retranslate_ui
2025-07-03 18:39:36,235 - PDFDuplicateFinder - INFO - Settings loaded successfully
2025-07-03 18:39:36,235 - PDFDuplicateFinder - INFO - Settings loaded successfully
2025-07-03 18:39:36,304 - PDFDuplicateFinder - INFO - Application started successfully
2025-07-03 18:39:36,304 - PDFDuplicateFinder - INFO - Application started successfully
2025-07-03 18:39:42,161 - PDFDuplicateFinder - DEBUG - Qt object deleted during retranslate_ui
2025-07-03 18:39:42,161 - PDFDuplicateFinder - DEBUG - Qt object deleted during retranslate_ui
2025-07-03 18:39:42,161 - PDFDuplicateFinder - DEBUG - Qt object deleted during retranslate_ui
2025-07-03 18:39:42,161 - PDFDuplicateFinder - DEBUG - Qt object deleted during retranslate_ui
2025-07-03 18:39:42,162 - PDFDuplicateFinder - INFO - Settings saved successfully
2025-07-03 18:39:42,162 - PDFDuplicateFinder - INFO - Settings saved successfully
2025-07-03 18:39:42,162 - PDFDuplicateFinder - DEBUG - Qt object deleted during retranslate_ui
2025-07-03 18:39:42,162 - PDFDuplicateFinder - DEBUG - Qt object deleted during retranslate_ui
2025-07-03 18:39:51,254 - PDFDuplicateFinder - INFO - Application is shutting down
2025-07-03 18:39:51,254 - PDFDuplicateFinder - INFO - Application is shutting down
2025-07-03 18:39:51,255 - PDFDuplicateFinder - INFO - Settings saved successfully
2025-07-03 18:39:51,255 - PDFDuplicateFinder - INFO - Settings saved successfully
2025-07-03 18:39:51,255 - PDFDuplicateFinder - INFO - Application shutdown completed
2025-07-03 18:39:51,255 - PDFDuplicateFinder - INFO - Application shutdown completed
2025-07-03 18:47:21,230 - PDFDuplicateFinder - INFO - ================================================================================
2025-07-03 18:47:21,231 - PDFDuplicateFinder - INFO - PDF Duplicate Finder started
2025-07-03 18:47:21,231 - PDFDuplicateFinder - INFO - Log file: logs\pdf_finder.log
2025-07-03 18:47:21,231 - PDFDuplicateFinder - INFO - ================================================================================
2025-07-03 18:47:21,231 - PDFDuplicateFinder - INFO - ================================================================================
2025-07-03 18:47:21,231 - PDFDuplicateFinder - INFO - PDF Duplicate Finder started
2025-07-03 18:47:21,231 - PDFDuplicateFinder - INFO - PDF Duplicate Finder started
2025-07-03 18:47:21,232 - PDFDuplicateFinder - INFO - Log file: x:\GitHub\PDF_finder\logs\pdf_finder.log
2025-07-03 18:47:21,232 - PDFDuplicateFinder - INFO - Log file: x:\GitHub\PDF_finder\logs\pdf_finder.log
2025-07-03 18:47:21,262 - PDFDuplicateFinder - DEBUG - Qt object deleted during retranslate_ui
2025-07-03 18:47:21,262 - PDFDuplicateFinder - DEBUG - Qt object deleted during retranslate_ui
2025-07-03 18:47:21,263 - PDFDuplicateFinder - DEBUG - Qt object deleted during retranslate_ui
2025-07-03 18:47:21,263 - PDFDuplicateFinder - DEBUG - Qt object deleted during retranslate_ui
2025-07-03 18:47:21,274 - PDFDuplicateFinder - INFO - Settings loaded successfully
2025-07-03 18:47:21,274 - PDFDuplicateFinder - INFO - Settings loaded successfully
2025-07-03 18:47:21,340 - PDFDuplicateFinder - INFO - Application started successfully
2025-07-03 18:47:21,340 - PDFDuplicateFinder - INFO - Application started successfully
2025-07-03 18:47:28,697 - PDFDuplicateFinder - DEBUG - Qt object deleted during retranslate_ui
2025-07-03 18:47:28,697 - PDFDuplicateFinder - DEBUG - Qt object deleted during retranslate_ui
2025-07-03 18:47:28,697 - PDFDuplicateFinder - DEBUG - Qt object deleted during retranslate_ui
2025-07-03 18:47:28,697 - PDFDuplicateFinder - DEBUG - Qt object deleted during retranslate_ui
2025-07-03 18:47:28,698 - PDFDuplicateFinder - INFO - Settings saved successfully
2025-07-03 18:47:28,698 - PDFDuplicateFinder - INFO - Settings saved successfully
2025-07-03 18:47:28,698 - PDFDuplicateFinder - DEBUG - Qt object deleted during retranslate_ui
2025-07-03 18:47:28,698 - PDFDuplicateFinder - DEBUG - Qt object deleted during retranslate_ui
2025-07-03 18:47:47,177 - PDFDuplicateFinder - DEBUG - Qt object deleted during retranslate_ui
2025-07-03 18:47:47,177 - PDFDuplicateFinder - DEBUG - Qt object deleted during retranslate_ui
2025-07-03 18:47:47,177 - PDFDuplicateFinder - DEBUG - Qt object deleted during retranslate_ui
2025-07-03 18:47:47,177 - PDFDuplicateFinder - DEBUG - Qt object deleted during retranslate_ui
2025-07-03 18:47:47,179 - PDFDuplicateFinder - INFO - Settings saved successfully
2025-07-03 18:47:47,179 - PDFDuplicateFinder - INFO - Settings saved successfully
2025-07-03 18:47:47,180 - PDFDuplicateFinder - DEBUG - Qt object deleted during retranslate_ui
2025-07-03 18:47:47,180 - PDFDuplicateFinder - DEBUG - Qt object deleted during retranslate_ui
2025-07-03 18:47:58,178 - PDFDuplicateFinder - INFO - Settings saved successfully
2025-07-03 18:47:58,178 - PDFDuplicateFinder - INFO - Settings saved successfully
2025-07-03 18:48:12,401 - PDFDuplicateFinder - DEBUG - Qt object deleted during retranslate_ui
2025-07-03 18:48:12,401 - PDFDuplicateFinder - DEBUG - Qt object deleted during retranslate_ui
2025-07-03 18:48:12,401 - PDFDuplicateFinder - DEBUG - Qt object deleted during retranslate_ui
2025-07-03 18:48:12,401 - PDFDuplicateFinder - DEBUG - Qt object deleted during retranslate_ui
2025-07-03 18:48:12,401 - PDFDuplicateFinder - INFO - Settings saved successfully
2025-07-03 18:48:12,401 - PDFDuplicateFinder - INFO - Settings saved successfully
2025-07-03 18:48:12,402 - PDFDuplicateFinder - DEBUG - Qt object deleted during retranslate_ui
2025-07-03 18:48:12,402 - PDFDuplicateFinder - DEBUG - Qt object deleted during retranslate_ui
2025-07-03 18:50:27,672 - PDFDuplicateFinder - INFO - ================================================================================
2025-07-03 18:50:27,673 - PDFDuplicateFinder - INFO - PDF Duplicate Finder started
2025-07-03 18:50:27,673 - PDFDuplicateFinder - INFO - Log file: logs\pdf_finder.log
2025-07-03 18:50:27,673 - PDFDuplicateFinder - INFO - ================================================================================
2025-07-03 18:50:27,673 - PDFDuplicateFinder - INFO - ================================================================================
2025-07-03 18:50:27,674 - PDFDuplicateFinder - INFO - PDF Duplicate Finder started
2025-07-03 18:50:27,674 - PDFDuplicateFinder - INFO - PDF Duplicate Finder started
2025-07-03 18:50:27,674 - PDFDuplicateFinder - INFO - Log file: x:\GitHub\PDF_finder\logs\pdf_finder.log
2025-07-03 18:50:27,674 - PDFDuplicateFinder - INFO - Log file: x:\GitHub\PDF_finder\logs\pdf_finder.log
2025-07-03 18:50:27,703 - PDFDuplicateFinder - DEBUG - Qt object deleted during retranslate_ui
2025-07-03 18:50:27,703 - PDFDuplicateFinder - DEBUG - Qt object deleted during retranslate_ui
2025-07-03 18:50:27,703 - PDFDuplicateFinder - DEBUG - Qt object deleted during retranslate_ui
2025-07-03 18:50:27,703 - PDFDuplicateFinder - DEBUG - Qt object deleted during retranslate_ui
2025-07-03 18:50:27,716 - PDFDuplicateFinder - INFO - Settings loaded successfully
2025-07-03 18:50:27,716 - PDFDuplicateFinder - INFO - Settings loaded successfully
2025-07-03 18:50:27,784 - PDFDuplicateFinder - INFO - Application started successfully
2025-07-03 18:50:27,784 - PDFDuplicateFinder - INFO - Application started successfully
2025-07-03 18:50:34,073 - PDFDuplicateFinder - DEBUG - Qt object deleted during retranslate_ui
2025-07-03 18:50:34,073 - PDFDuplicateFinder - DEBUG - Qt object deleted during retranslate_ui
2025-07-03 18:50:34,074 - PDFDuplicateFinder - DEBUG - Qt object deleted during retranslate_ui
2025-07-03 18:50:34,074 - PDFDuplicateFinder - DEBUG - Qt object deleted during retranslate_ui
2025-07-03 18:50:34,074 - PDFDuplicateFinder - INFO - Settings saved successfully
2025-07-03 18:50:34,074 - PDFDuplicateFinder - INFO - Settings saved successfully
2025-07-03 18:50:34,075 - PDFDuplicateFinder - DEBUG - Qt object deleted during retranslate_ui
2025-07-03 18:50:34,075 - PDFDuplicateFinder - DEBUG - Qt object deleted during retranslate_ui
2025-07-03 18:50:47,407 - PDFDuplicateFinder - INFO - Application is shutting down
2025-07-03 18:50:47,407 - PDFDuplicateFinder - INFO - Application is shutting down
2025-07-03 18:50:47,410 - PDFDuplicateFinder - INFO - Settings saved successfully
2025-07-03 18:50:47,410 - PDFDuplicateFinder - INFO - Settings saved successfully
2025-07-03 18:50:47,410 - PDFDuplicateFinder - INFO - Application shutdown completed
2025-07-03 18:50:47,410 - PDFDuplicateFinder - INFO - Application shutdown completed
2025-07-03 18:51:50,456 - PDFDuplicateFinder - INFO - ================================================================================
2025-07-03 18:51:50,456 - PDFDuplicateFinder - INFO - PDF Duplicate Finder started
2025-07-03 18:51:50,456 - PDFDuplicateFinder - INFO - Log file: logs\pdf_finder.log
2025-07-03 18:51:50,457 - PDFDuplicateFinder - INFO - ================================================================================
2025-07-03 18:51:50,457 - PDFDuplicateFinder - INFO - ================================================================================
2025-07-03 18:51:50,457 - PDFDuplicateFinder - INFO - PDF Duplicate Finder started
2025-07-03 18:51:50,457 - PDFDuplicateFinder - INFO - PDF Duplicate Finder started
2025-07-03 18:51:50,457 - PDFDuplicateFinder - INFO - Log file: x:\GitHub\PDF_finder\logs\pdf_finder.log
2025-07-03 18:51:50,457 - PDFDuplicateFinder - INFO - Log file: x:\GitHub\PDF_finder\logs\pdf_finder.log
2025-07-03 18:51:50,487 - PDFDuplicateFinder - DEBUG - Qt object deleted during retranslate_ui
2025-07-03 18:51:50,487 - PDFDuplicateFinder - DEBUG - Qt object deleted during retranslate_ui
2025-07-03 18:51:50,488 - PDFDuplicateFinder - DEBUG - Qt object deleted during retranslate_ui
2025-07-03 18:51:50,488 - PDFDuplicateFinder - DEBUG - Qt object deleted during retranslate_ui
2025-07-03 18:51:50,500 - PDFDuplicateFinder - INFO - Settings loaded successfully
2025-07-03 18:51:50,500 - PDFDuplicateFinder - INFO - Settings loaded successfully
2025-07-03 18:51:50,566 - PDFDuplicateFinder - INFO - Application started successfully
2025-07-03 18:51:50,566 - PDFDuplicateFinder - INFO - Application started successfully
2025-07-03 18:51:57,681 - PDFDuplicateFinder - DEBUG - Qt object deleted during retranslate_ui
2025-07-03 18:51:57,681 - PDFDuplicateFinder - DEBUG - Qt object deleted during retranslate_ui
2025-07-03 18:51:57,681 - PDFDuplicateFinder - DEBUG - Qt object deleted during retranslate_ui
2025-07-03 18:51:57,681 - PDFDuplicateFinder - DEBUG - Qt object deleted during retranslate_ui
2025-07-03 18:51:57,682 - PDFDuplicateFinder - INFO - Settings saved successfully
2025-07-03 18:51:57,682 - PDFDuplicateFinder - INFO - Settings saved successfully
2025-07-03 18:51:57,682 - PDFDuplicateFinder - DEBUG - Qt object deleted during retranslate_ui
2025-07-03 18:51:57,682 - PDFDuplicateFinder - DEBUG - Qt object deleted during retranslate_ui
2025-07-03 18:52:03,437 - PDFDuplicateFinder - INFO - Application is shutting down
2025-07-03 18:52:03,437 - PDFDuplicateFinder - INFO - Application is shutting down
2025-07-03 18:52:03,439 - PDFDuplicateFinder - INFO - Settings saved successfully
2025-07-03 18:52:03,439 - PDFDuplicateFinder - INFO - Settings saved successfully
2025-07-03 18:52:03,440 - PDFDuplicateFinder - INFO - Application shutdown completed
2025-07-03 18:52:03,440 - PDFDuplicateFinder - INFO - Application shutdown completed
2025-07-03 18:58:24,325 - PDFDuplicateFinder - INFO - ================================================================================
2025-07-03 18:58:24,325 - PDFDuplicateFinder - INFO - PDF Duplicate Finder started
2025-07-03 18:58:24,325 - PDFDuplicateFinder - INFO - Log file: logs\pdf_finder.log
2025-07-03 18:58:24,325 - PDFDuplicateFinder - INFO - ================================================================================
2025-07-03 18:58:24,325 - PDFDuplicateFinder - INFO - ================================================================================
2025-07-03 18:58:24,326 - PDFDuplicateFinder - INFO - PDF Duplicate Finder started
2025-07-03 18:58:24,326 - PDFDuplicateFinder - INFO - PDF Duplicate Finder started
2025-07-03 18:58:24,326 - PDFDuplicateFinder - INFO - Log file: x:\GitHub\PDF_finder\logs\pdf_finder.log
2025-07-03 18:58:24,326 - PDFDuplicateFinder - INFO - Log file: x:\GitHub\PDF_finder\logs\pdf_finder.log
2025-07-03 18:58:24,358 - PDFDuplicateFinder - DEBUG - Qt object deleted during retranslate_ui
2025-07-03 18:58:24,358 - PDFDuplicateFinder - DEBUG - Qt object deleted during retranslate_ui
2025-07-03 18:58:24,358 - PDFDuplicateFinder - DEBUG - Qt object deleted during retranslate_ui
2025-07-03 18:58:24,358 - PDFDuplicateFinder - DEBUG - Qt object deleted during retranslate_ui
2025-07-03 18:58:24,370 - PDFDuplicateFinder - INFO - Settings loaded successfully
2025-07-03 18:58:24,370 - PDFDuplicateFinder - INFO - Settings loaded successfully
2025-07-03 18:58:24,437 - PDFDuplicateFinder - INFO - Application started successfully
2025-07-03 18:58:24,437 - PDFDuplicateFinder - INFO - Application started successfully
2025-07-03 18:58:28,897 - PDFDuplicateFinder - DEBUG - Qt object deleted during retranslate_ui
2025-07-03 18:58:28,897 - PDFDuplicateFinder - DEBUG - Qt object deleted during retranslate_ui
2025-07-03 18:58:28,897 - PDFDuplicateFinder - DEBUG - Qt object deleted during retranslate_ui
2025-07-03 18:58:28,897 - PDFDuplicateFinder - DEBUG - Qt object deleted during retranslate_ui
2025-07-03 18:58:28,898 - PDFDuplicateFinder - INFO - Settings saved successfully
2025-07-03 18:58:28,898 - PDFDuplicateFinder - INFO - Settings saved successfully
2025-07-03 18:58:28,898 - PDFDuplicateFinder - DEBUG - Qt object deleted during retranslate_ui
2025-07-03 18:58:28,898 - PDFDuplicateFinder - DEBUG - Qt object deleted during retranslate_ui
2025-07-03 19:05:25,652 - PDFDuplicateFinder - INFO - ================================================================================
2025-07-03 19:05:25,653 - PDFDuplicateFinder - INFO - PDF Duplicate Finder started
2025-07-03 19:05:25,653 - PDFDuplicateFinder - INFO - Log file: logs\pdf_finder.log
2025-07-03 19:05:25,653 - PDFDuplicateFinder - INFO - ================================================================================
2025-07-03 19:05:25,653 - PDFDuplicateFinder - INFO - ================================================================================
2025-07-03 19:05:25,654 - PDFDuplicateFinder - INFO - PDF Duplicate Finder started
2025-07-03 19:05:25,654 - PDFDuplicateFinder - INFO - PDF Duplicate Finder started
2025-07-03 19:05:25,654 - PDFDuplicateFinder - INFO - Log file: x:\GitHub\PDF_finder\logs\pdf_finder.log
2025-07-03 19:05:25,654 - PDFDuplicateFinder - INFO - Log file: x:\GitHub\PDF_finder\logs\pdf_finder.log
2025-07-03 19:05:25,683 - PDFDuplicateFinder - DEBUG - Qt object deleted during retranslate_ui
2025-07-03 19:05:25,683 - PDFDuplicateFinder - DEBUG - Qt object deleted during retranslate_ui
2025-07-03 19:05:25,684 - PDFDuplicateFinder - DEBUG - Qt object deleted during retranslate_ui
2025-07-03 19:05:25,684 - PDFDuplicateFinder - DEBUG - Qt object deleted during retranslate_ui
2025-07-03 19:05:25,696 - PDFDuplicateFinder - INFO - Settings loaded successfully
2025-07-03 19:05:25,696 - PDFDuplicateFinder - INFO - Settings loaded successfully
2025-07-03 19:05:25,765 - PDFDuplicateFinder - INFO - Application started successfully
2025-07-03 19:05:25,765 - PDFDuplicateFinder - INFO - Application started successfully
2025-07-03 19:05:39,746 - PDFDuplicateFinder - DEBUG - Qt object deleted during retranslate_ui
2025-07-03 19:05:39,746 - PDFDuplicateFinder - DEBUG - Qt object deleted during retranslate_ui
2025-07-03 19:05:39,746 - PDFDuplicateFinder - DEBUG - Qt object deleted during retranslate_ui
2025-07-03 19:05:39,746 - PDFDuplicateFinder - DEBUG - Qt object deleted during retranslate_ui
2025-07-03 19:05:39,747 - PDFDuplicateFinder - INFO - Settings saved successfully
2025-07-03 19:05:39,747 - PDFDuplicateFinder - INFO - Settings saved successfully
2025-07-03 19:05:39,747 - PDFDuplicateFinder - DEBUG - Qt object deleted during retranslate_ui
2025-07-03 19:05:39,747 - PDFDuplicateFinder - DEBUG - Qt object deleted during retranslate_ui
2025-07-03 19:07:07,598 - PDFDuplicateFinder - INFO - Application is shutting down
2025-07-03 19:07:07,598 - PDFDuplicateFinder - INFO - Application is shutting down
2025-07-03 19:07:07,601 - PDFDuplicateFinder - INFO - Settings saved successfully
2025-07-03 19:07:07,601 - PDFDuplicateFinder - INFO - Settings saved successfully
2025-07-03 19:07:07,601 - PDFDuplicateFinder - INFO - Application shutdown completed
2025-07-03 19:07:07,601 - PDFDuplicateFinder - INFO - Application shutdown completed
